<?xml version="1.0" encoding="UTF-8"?>
<!-- Generated by org.testng.reporters.JUnitReportReporter -->
<testsuite hostname="DESKTOP-5MGNPN8" failures="0" tests="2" name="NewTest.ErrorValidation" time="47.164" errors="0" timestamp="2024-02-13T13:14:10 IST" skipped="0">
  <testcase classname="NewTest.ErrorValidation" name="LoginValidation" time="18.640"/>
  <system-out/>
  <testcase classname="NewTest.ErrorValidation" name="ProductValidation" time="28.524"/>
  <system-out/>
</testsuite> <!-- NewTest.ErrorValidation -->
