<?xml version="1.0" encoding="UTF-8"?>
<!-- Generated by org.testng.reporters.JUnitReportReporter -->
<testsuite hostname="DESKTOP-5MGNPN8" failures="0" tests="1" name="CucumberFramework.TestNGCucumberRunner" time="24.964" errors="0" timestamp="2024-02-13T19:24:48 IST" skipped="0">
  <testcase classname="CucumberFramework.TestNGCucumberRunner" name="runScenario" time="24.964"/>
  <system-out/>
</testsuite> <!-- CucumberFramework.TestNGCucumberRunner -->
