<?xml version="1.0" encoding="UTF-8"?>
<!-- Generated by org.testng.reporters.JUnitReportReporter -->
<testsuite hostname="DESKTOP-5MGNPN8" failures="0" tests="2" name="NewTest.SupportTestCase" time="41.649" errors="0" timestamp="2024-02-09T11:27:18 IST" skipped="0">
  <testcase classname="NewTest.SupportTestCase" name="SubmitOrder" time="17.683"/>
  <system-out/>
  <testcase classname="NewTest.SupportTestCase" name="SubmitOrder" time="23.966"/>
  <system-out/>
</testsuite> <!-- NewTest.SupportTestCase -->
